Started GET "/" for ::1 at 2020-10-08 16:36:51 -0700
DEPRECATION WARNING: ActiveRecord::Base.raise_in_transactional_callbacks= is deprecated, has no effect and will be removed without replacement. (called from block (3 levels) in <class:Railtie> at /Users/carlosgarciajr/.rbenv/versions/2.5.1/lib/ruby/gems/2.5.0/gems/activerecord-5.0.7.2/lib/active_record/railtie.rb:113)
Processing by StaticPagesController#index as HTML
  Rendering static_pages/index.html.erb within layouts/application
  Rendered shared/_main_nav.html.erb (0.3ms)
  Rendered shared/_masthead.html.erb (0.2ms)
  Rendered shared/_sections_nav.html.erb (0.2ms)
  Rendered shared/_search_modal.html.erb (0.2ms)
  Rendered shared/_main_content.html.erb (0.2ms)
  Rendered static_pages/index.html.erb within layouts/application (15.2ms)
Completed 200 OK in 362ms (Views: 358.9ms | ActiveRecord: 0.0ms)


Started GET "/assets/application.self-5e5b219656abf8c4e83f7dfd5e5f4f415d8fe2348d16620303a4ed96d1b5a144.css?body=1" for ::1 at 2020-10-08 16:36:52 -0700
Started GET "/" for ::1 at 2020-10-08 16:36:53 -0700
Processing by StaticPagesController#index as HTML
  Rendering static_pages/index.html.erb within layouts/application
  Rendered shared/_main_nav.html.erb (0.2ms)
  Rendered shared/_masthead.html.erb (0.2ms)
  Rendered shared/_sections_nav.html.erb (0.2ms)
  Rendered shared/_search_modal.html.erb (0.2ms)
  Rendered shared/_main_content.html.erb (0.1ms)
  Rendered static_pages/index.html.erb within layouts/application (13.2ms)
Completed 200 OK in 29ms (Views: 26.9ms | ActiveRecord: 0.0ms)


Started GET "/" for ::1 at 2020-10-08 16:37:17 -0700
Processing by StaticPagesController#index as HTML
  Rendering static_pages/index.html.erb within layouts/application
  Rendered shared/_main_nav.html.erb (0.2ms)
  Rendered shared/_masthead.html.erb (0.2ms)
  Rendered shared/_sections_nav.html.erb (0.2ms)
  Rendered shared/_search_modal.html.erb (0.2ms)
  Rendered shared/_main_content.html.erb (0.2ms)
  Rendered static_pages/index.html.erb within layouts/application (14.6ms)
Completed 200 OK in 35ms (Views: 31.8ms | ActiveRecord: 0.0ms)


Started GET "/" for ::1 at 2020-10-08 16:37:20 -0700
Processing by StaticPagesController#index as HTML
  Rendering static_pages/index.html.erb within layouts/application
  Rendered shared/_main_nav.html.erb (0.2ms)
  Rendered shared/_masthead.html.erb (0.2ms)
  Rendered shared/_sections_nav.html.erb (0.2ms)
  Rendered shared/_search_modal.html.erb (0.2ms)
  Rendered shared/_main_content.html.erb (0.2ms)
  Rendered static_pages/index.html.erb within layouts/application (12.8ms)
Completed 200 OK in 30ms (Views: 27.7ms | ActiveRecord: 0.0ms)


Started GET "/" for ::1 at 2020-10-09 09:59:50 -0700
DEPRECATION WARNING: ActiveRecord::Base.raise_in_transactional_callbacks= is deprecated, has no effect and will be removed without replacement. (called from block (3 levels) in <class:Railtie> at /Users/carlosgarciajr/.rbenv/versions/2.5.1/lib/ruby/gems/2.5.0/gems/activerecord-5.0.7.2/lib/active_record/railtie.rb:113)
Processing by StaticPagesController#index as HTML
  Rendering static_pages/index.html.erb within layouts/application
  Rendered shared/_main_nav.html.erb (0.3ms)
  Rendered shared/_masthead.html.erb (0.2ms)
  Rendered shared/_sections_nav.html.erb (0.2ms)
  Rendered shared/_search_modal.html.erb (0.2ms)
  Rendered shared/_main_content.html.erb (0.2ms)
  Rendered static_pages/index.html.erb within layouts/application (15.4ms)
Completed 200 OK in 353ms (Views: 350.1ms | ActiveRecord: 0.0ms)


Started GET "/assets/application.self-7aae4f884d21c0f895d0e25909b4a3857ca3f7bdd4412baf28bf32a8b1f558b1.css?body=1" for ::1 at 2020-10-09 09:59:51 -0700
Started GET "/" for ::1 at 2020-10-09 10:00:16 -0700
Processing by StaticPagesController#index as HTML
  Rendering static_pages/index.html.erb within layouts/application
  Rendered shared/_main_nav.html.erb (0.2ms)
  Rendered shared/_masthead.html.erb (0.2ms)
  Rendered shared/_sections_nav.html.erb (0.1ms)
  Rendered shared/_search_modal.html.erb (0.2ms)
  Rendered shared/_main_content.html.erb (0.4ms)
  Rendered static_pages/index.html.erb within layouts/application (12.9ms)
Completed 200 OK in 34ms (Views: 30.5ms | ActiveRecord: 0.0ms)


Started GET "/assets/new_office.jpg" for ::1 at 2020-10-09 10:00:16 -0700
Started GET "/" for ::1 at 2020-10-09 10:03:51 -0700
Processing by StaticPagesController#index as HTML
  Rendering static_pages/index.html.erb within layouts/application
  Rendered shared/_main_nav.html.erb (0.2ms)
  Rendered shared/_masthead.html.erb (0.2ms)
  Rendered shared/_sections_nav.html.erb (0.3ms)
  Rendered shared/_search_modal.html.erb (0.2ms)
  Rendered shared/_main_content.html.erb (0.3ms)
  Rendered static_pages/index.html.erb within layouts/application (13.1ms)
Completed 200 OK in 109ms (Views: 104.9ms | ActiveRecord: 0.0ms)


Started GET "/assets/application.self-e229079662ba64eec2df88cc9898f07a6b5005419aa37c928d3d684a6d58d3e4.css?body=1" for ::1 at 2020-10-09 10:03:51 -0700
Started GET "/assets/new_office.jpg" for ::1 at 2020-10-09 10:03:51 -0700
Started GET "/" for ::1 at 2020-10-12 13:48:14 -0700
DEPRECATION WARNING: ActiveRecord::Base.raise_in_transactional_callbacks= is deprecated, has no effect and will be removed without replacement. (called from block (3 levels) in <class:Railtie> at /Users/carlosgarciajr/.rbenv/versions/2.5.1/lib/ruby/gems/2.5.0/gems/activerecord-5.0.7.2/lib/active_record/railtie.rb:113)
Processing by StaticPagesController#index as HTML
  Rendering static_pages/index.html.erb within layouts/application
  Rendered shared/_main_nav.html.erb (0.2ms)
  Rendered shared/_masthead.html.erb (0.1ms)
  Rendered shared/_sections_nav.html.erb (0.1ms)
  Rendered shared/_search_modal.html.erb (0.2ms)
  Rendered shared/_main_content.html.erb (0.3ms)
  Rendered static_pages/index.html.erb within layouts/application (14.5ms)
Completed 500 Internal Server Error in 194ms (ActiveRecord: 0.0ms)



Sass::SyntaxError - File to import not found or unreadable: base/grid.scss.
Load paths:
  /Users/carlosgarciajr/Documents/programming/app_academy_work/curriculum/html-css/projects/aa_times/skeleton/app/assets/images
  /Users/carlosgarciajr/Documents/programming/app_academy_work/curriculum/html-css/projects/aa_times/skeleton/app/assets/javascripts
  /Users/carlosgarciajr/Documents/programming/app_academy_work/curriculum/html-css/projects/aa_times/skeleton/app/assets/stylesheets
  /Users/carlosgarciajr/Documents/programming/app_academy_work/curriculum/html-css/projects/aa_times/skeleton/vendor/assets/javascripts
  /Users/carlosgarciajr/Documents/programming/app_academy_work/curriculum/html-css/projects/aa_times/skeleton/vendor/assets/stylesheets
  /Users/carlosgarciajr/.rbenv/versions/2.5.1/lib/ruby/gems/2.5.0/gems/jquery-rails-4.4.0/vendor/assets/javascripts
  /Users/carlosgarciajr/.rbenv/versions/2.5.1/lib/ruby/gems/2.5.0/gems/coffee-rails-4.2.2/lib/assets/javascripts
  /Users/carlosgarciajr/.rbenv/versions/2.5.1/lib/ruby/gems/2.5.0/gems/actioncable-5.0.7.2/lib/assets/compiled:
  app/views/layouts/application.html.erb:7:in `_app_views_layouts_application_html_erb___270333905406359367_70279989431840'

Started POST "/__better_errors/927a171e4587d656/variables" for ::1 at 2020-10-12 13:48:14 -0700
Started GET "/" for ::1 at 2020-10-12 13:48:41 -0700
Processing by StaticPagesController#index as HTML
  Rendering static_pages/index.html.erb within layouts/application
  Rendered shared/_main_nav.html.erb (0.2ms)
  Rendered shared/_masthead.html.erb (0.1ms)
  Rendered shared/_sections_nav.html.erb (0.3ms)
  Rendered shared/_search_modal.html.erb (0.3ms)
  Rendered shared/_main_content.html.erb (0.2ms)
  Rendered static_pages/index.html.erb within layouts/application (12.8ms)
Completed 200 OK in 110ms (Views: 107.4ms | ActiveRecord: 0.0ms)


Started GET "/assets/application.self-1237ad35a9ee79bd64030d4638d1fd80f6734c490eb538e0dd01d7af3c16bf40.css?body=1" for ::1 at 2020-10-12 13:48:41 -0700
Started GET "/" for ::1 at 2020-10-12 13:48:43 -0700
Processing by StaticPagesController#index as HTML
  Rendering static_pages/index.html.erb within layouts/application
  Rendered shared/_main_nav.html.erb (0.2ms)
  Rendered shared/_masthead.html.erb (0.2ms)
  Rendered shared/_sections_nav.html.erb (0.2ms)
  Rendered shared/_search_modal.html.erb (0.2ms)
  Rendered shared/_main_content.html.erb (0.2ms)
  Rendered static_pages/index.html.erb within layouts/application (13.1ms)
Completed 200 OK in 33ms (Views: 29.9ms | ActiveRecord: 0.0ms)


Started GET "/" for ::1 at 2020-10-12 13:55:52 -0700
DEPRECATION WARNING: ActiveRecord::Base.raise_in_transactional_callbacks= is deprecated, has no effect and will be removed without replacement. (called from block (3 levels) in <class:Railtie> at /Users/carlosgarciajr/.rbenv/versions/2.5.1/lib/ruby/gems/2.5.0/gems/activerecord-5.0.7.2/lib/active_record/railtie.rb:113)
Processing by StaticPagesController#index as HTML
  Rendering static_pages/index.html.erb within layouts/application
  Rendered shared/_main_nav.html.erb (0.2ms)
  Rendered shared/_masthead.html.erb (0.1ms)
  Rendered shared/_sections_nav.html.erb (0.3ms)
  Rendered shared/_search_modal.html.erb (0.2ms)
  Rendered shared/_main_content.html.erb (0.3ms)
  Rendered static_pages/index.html.erb within layouts/application (14.6ms)
Completed 200 OK in 257ms (Views: 254.8ms | ActiveRecord: 0.0ms)


Started GET "/assets/application.self-758afe40c177e32f890a8b8e23f11571b5d1785af915c0789bd6a19191afc6ab.css?body=1" for ::1 at 2020-10-12 13:55:52 -0700
Started GET "/assets/new_office.jpg" for ::1 at 2020-10-12 13:55:52 -0700
Started GET "/" for ::1 at 2020-10-12 13:56:32 -0700
Processing by StaticPagesController#index as HTML
  Rendering static_pages/index.html.erb within layouts/application
  Rendered shared/_main_nav.html.erb (0.1ms)
  Rendered shared/_masthead.html.erb (0.2ms)
  Rendered shared/_sections_nav.html.erb (0.1ms)
  Rendered shared/_search_modal.html.erb (0.3ms)
  Rendered shared/_main_content.html.erb (0.3ms)
  Rendered static_pages/index.html.erb within layouts/application (12.3ms)
Completed 200 OK in 75ms (Views: 72.8ms | ActiveRecord: 0.0ms)


Started GET "/assets/application.self-e229079662ba64eec2df88cc9898f07a6b5005419aa37c928d3d684a6d58d3e4.css?body=1" for ::1 at 2020-10-12 13:56:32 -0700
Started GET "/assets/new_office.jpg" for ::1 at 2020-10-12 13:56:32 -0700
Started GET "/" for ::1 at 2020-10-12 13:56:33 -0700
Processing by StaticPagesController#index as HTML
  Rendering static_pages/index.html.erb within layouts/application
  Rendered shared/_main_nav.html.erb (0.2ms)
  Rendered shared/_masthead.html.erb (0.2ms)
  Rendered shared/_sections_nav.html.erb (0.2ms)
  Rendered shared/_search_modal.html.erb (0.2ms)
  Rendered shared/_main_content.html.erb (0.2ms)
  Rendered static_pages/index.html.erb within layouts/application (12.9ms)
Completed 200 OK in 34ms (Views: 31.3ms | ActiveRecord: 0.0ms)


Started GET "/assets/new_office.jpg" for ::1 at 2020-10-12 13:56:33 -0700
Started GET "/" for ::1 at 2020-10-12 13:57:15 -0700
Processing by StaticPagesController#index as HTML
  Rendering static_pages/index.html.erb within layouts/application
  Rendered shared/_main_nav.html.erb (0.2ms)
  Rendered shared/_masthead.html.erb (0.2ms)
  Rendered shared/_sections_nav.html.erb (0.2ms)
  Rendered shared/_search_modal.html.erb (0.2ms)
  Rendered shared/_main_content.html.erb (0.3ms)
  Rendered static_pages/index.html.erb within layouts/application (12.6ms)
Completed 200 OK in 92ms (Views: 88.2ms | ActiveRecord: 0.0ms)


Started GET "/assets/application.self-7aae4f884d21c0f895d0e25909b4a3857ca3f7bdd4412baf28bf32a8b1f558b1.css?body=1" for ::1 at 2020-10-12 13:57:15 -0700
Started GET "/assets/new_office.jpg" for ::1 at 2020-10-12 13:57:15 -0700
Started GET "/users/new" for ::1 at 2021-12-09 14:14:18 -0800
DEPRECATION WARNING: ActiveRecord::Base.raise_in_transactional_callbacks= is deprecated, has no effect and will be removed without replacement. (called from block (3 levels) in <class:Railtie> at /Users/jacktomasik/.rbenv/versions/2.5.1/lib/ruby/gems/2.5.0/gems/activerecord-5.0.7.2/lib/active_record/railtie.rb:113)
  
ActionController::RoutingError (No route matches [GET] "/users/new"):
  
actionpack (5.0.7.2) lib/action_dispatch/middleware/debug_exceptions.rb:53:in `call'
web-console (3.7.0) lib/web_console/middleware.rb:135:in `call_app'
web-console (3.7.0) lib/web_console/middleware.rb:30:in `block in call'
web-console (3.7.0) lib/web_console/middleware.rb:20:in `catch'
web-console (3.7.0) lib/web_console/middleware.rb:20:in `call'
actionpack (5.0.7.2) lib/action_dispatch/middleware/show_exceptions.rb:31:in `call'
railties (5.0.7.2) lib/rails/rack/logger.rb:36:in `call_app'
railties (5.0.7.2) lib/rails/rack/logger.rb:24:in `block in call'
activesupport (5.0.7.2) lib/active_support/tagged_logging.rb:69:in `block in tagged'
activesupport (5.0.7.2) lib/active_support/tagged_logging.rb:26:in `tagged'
activesupport (5.0.7.2) lib/active_support/tagged_logging.rb:69:in `tagged'
railties (5.0.7.2) lib/rails/rack/logger.rb:24:in `call'
actionpack (5.0.7.2) lib/action_dispatch/middleware/request_id.rb:24:in `call'
rack (2.2.3) lib/rack/method_override.rb:24:in `call'
rack (2.2.3) lib/rack/runtime.rb:22:in `call'
activesupport (5.0.7.2) lib/active_support/cache/strategy/local_cache_middleware.rb:28:in `call'
actionpack (5.0.7.2) lib/action_dispatch/middleware/executor.rb:12:in `call'
rack-livereload (0.3.17) lib/rack/livereload.rb:23:in `_call'
rack-livereload (0.3.17) lib/rack/livereload.rb:14:in `call'
actionpack (5.0.7.2) lib/action_dispatch/middleware/static.rb:136:in `call'
rack (2.2.3) lib/rack/sendfile.rb:110:in `call'
railties (5.0.7.2) lib/rails/engine.rb:522:in `call'
puma (3.12.6) lib/puma/configuration.rb:227:in `call'
puma (3.12.6) lib/puma/server.rb:706:in `handle_request'
puma (3.12.6) lib/puma/server.rb:476:in `process_client'
puma (3.12.6) lib/puma/server.rb:334:in `block in run'
puma (3.12.6) lib/puma/thread_pool.rb:135:in `block in spawn_thread'
  Rendering /Users/jacktomasik/.rbenv/versions/2.5.1/lib/ruby/gems/2.5.0/gems/actionpack-5.0.7.2/lib/action_dispatch/middleware/templates/rescues/routing_error.html.erb within rescues/layout
  Rendering /Users/jacktomasik/.rbenv/versions/2.5.1/lib/ruby/gems/2.5.0/gems/actionpack-5.0.7.2/lib/action_dispatch/middleware/templates/rescues/_trace.html.erb
  Rendered /Users/jacktomasik/.rbenv/versions/2.5.1/lib/ruby/gems/2.5.0/gems/actionpack-5.0.7.2/lib/action_dispatch/middleware/templates/rescues/_trace.html.erb (2.1ms)
  Rendered collection of /Users/jacktomasik/.rbenv/versions/2.5.1/lib/ruby/gems/2.5.0/gems/actionpack-5.0.7.2/lib/action_dispatch/middleware/templates/routes/_route.html.erb [1 times] (16.0ms)
  Rendered /Users/jacktomasik/.rbenv/versions/2.5.1/lib/ruby/gems/2.5.0/gems/actionpack-5.0.7.2/lib/action_dispatch/middleware/templates/routes/_table.html.erb (31.6ms)
  Rendering /Users/jacktomasik/.rbenv/versions/2.5.1/lib/ruby/gems/2.5.0/gems/actionpack-5.0.7.2/lib/action_dispatch/middleware/templates/rescues/_request_and_response.html.erb
  Rendered /Users/jacktomasik/.rbenv/versions/2.5.1/lib/ruby/gems/2.5.0/gems/actionpack-5.0.7.2/lib/action_dispatch/middleware/templates/rescues/_request_and_response.html.erb (32.6ms)
  Rendered /Users/jacktomasik/.rbenv/versions/2.5.1/lib/ruby/gems/2.5.0/gems/actionpack-5.0.7.2/lib/action_dispatch/middleware/templates/rescues/routing_error.html.erb within rescues/layout (784.1ms)
Started GET "/" for ::1 at 2021-12-09 14:14:20 -0800
Processing by StaticPagesController#index as HTML
  Rendering static_pages/index.html.erb within layouts/application
  Rendered shared/_main_nav.html.erb (0.6ms)
  Rendered shared/_masthead.html.erb (0.6ms)
  Rendered shared/_sections_nav.html.erb (0.7ms)
  Rendered shared/_search_modal.html.erb (2.8ms)
  Rendered shared/_main_content.html.erb (0.8ms)
  Rendered static_pages/index.html.erb within layouts/application (112.1ms)
Completed 200 OK in 2605ms (Views: 2597.8ms | ActiveRecord: 0.0ms)


Started GET "/assets/components/modal.self-52188644dbb47def5ee35ae02e69eb567ca9b664472357a8a5789dd39032a265.js?body=1" for ::1 at 2021-12-09 14:14:23 -0800
Started GET "/assets/jquery_ujs.self-784a997f6726036b1993eb2217c9cb558e1cbb801c6da88105588c56f13b466a.js?body=1" for ::1 at 2021-12-09 14:14:23 -0800
Started GET "/assets/jquery.self-bd7ddd393353a8d2480a622e80342adf488fb6006d667e8b42e4c0073393abee.js?body=1" for ::1 at 2021-12-09 14:14:23 -0800
Started GET "/assets/components/sidebar.self-2a1277f850a6fa21e1a974ef5152f177ac05516477d5081d593bb137b3d6808b.js?body=1" for ::1 at 2021-12-09 14:14:23 -0800
Started GET "/assets/application.self-f571b9db02bf4ed04c38a6a29072ac382f7d4f47db1fab9817aeadb0d8665235.js?body=1" for ::1 at 2021-12-09 14:14:23 -0800
Started GET "/assets/application.self-f4ae1cd1f09e0270ecebd1b93a060b37c721c9b811dbc5eb5465f82d6e23083e.css?body=1" for ::1 at 2021-12-09 14:14:23 -0800
Started GET "/assets/application.self-f4ae1cd1f09e0270ecebd1b93a060b37c721c9b811dbc5eb5465f82d6e23083e.css?body=1&livereload=1639088898978" for ::1 at 2021-12-09 14:28:19 -0800
Started GET "/assets/application.self-f4ae1cd1f09e0270ecebd1b93a060b37c721c9b811dbc5eb5465f82d6e23083e.css?body=1&livereload=1639088898984" for ::1 at 2021-12-09 14:28:19 -0800
Started GET "/assets/application.self-f4ae1cd1f09e0270ecebd1b93a060b37c721c9b811dbc5eb5465f82d6e23083e.css?body=1&livereload=1639088902460" for ::1 at 2021-12-09 14:28:22 -0800
Started GET "/assets/application.self-f4ae1cd1f09e0270ecebd1b93a060b37c721c9b811dbc5eb5465f82d6e23083e.css?body=1&livereload=1639088902462" for ::1 at 2021-12-09 14:28:22 -0800
Started GET "/assets/application.self-f4ae1cd1f09e0270ecebd1b93a060b37c721c9b811dbc5eb5465f82d6e23083e.css?body=1&livereload=1639088964253" for ::1 at 2021-12-09 14:29:24 -0800
Started GET "/assets/application.self-f4ae1cd1f09e0270ecebd1b93a060b37c721c9b811dbc5eb5465f82d6e23083e.css?body=1&livereload=1639088964255" for ::1 at 2021-12-09 14:29:24 -0800
Started GET "/assets/application.self-f4ae1cd1f09e0270ecebd1b93a060b37c721c9b811dbc5eb5465f82d6e23083e.css?body=1&livereload=1639088974287" for ::1 at 2021-12-09 14:29:34 -0800
Started GET "/assets/application.self-f4ae1cd1f09e0270ecebd1b93a060b37c721c9b811dbc5eb5465f82d6e23083e.css?body=1&livereload=1639088974288" for ::1 at 2021-12-09 14:29:34 -0800
Started GET "/assets/application.self-f4ae1cd1f09e0270ecebd1b93a060b37c721c9b811dbc5eb5465f82d6e23083e.css?body=1&livereload=1639088975377" for ::1 at 2021-12-09 14:29:35 -0800
Started GET "/assets/application.self-f4ae1cd1f09e0270ecebd1b93a060b37c721c9b811dbc5eb5465f82d6e23083e.css?body=1&livereload=1639088975379" for ::1 at 2021-12-09 14:29:35 -0800
Started GET "/assets/application.self-f4ae1cd1f09e0270ecebd1b93a060b37c721c9b811dbc5eb5465f82d6e23083e.css?body=1&livereload=1639088979265" for ::1 at 2021-12-09 14:29:39 -0800
Started GET "/assets/application.self-f4ae1cd1f09e0270ecebd1b93a060b37c721c9b811dbc5eb5465f82d6e23083e.css?body=1&livereload=1639088979268" for ::1 at 2021-12-09 14:29:39 -0800
Started GET "/assets/application.self-f4ae1cd1f09e0270ecebd1b93a060b37c721c9b811dbc5eb5465f82d6e23083e.css?body=1&livereload=1639088983469" for ::1 at 2021-12-09 14:29:43 -0800
Started GET "/assets/application.self-f4ae1cd1f09e0270ecebd1b93a060b37c721c9b811dbc5eb5465f82d6e23083e.css?body=1&livereload=1639088983471" for ::1 at 2021-12-09 14:29:43 -0800
Started GET "/assets/application.self-f4ae1cd1f09e0270ecebd1b93a060b37c721c9b811dbc5eb5465f82d6e23083e.css?body=1&livereload=1639089010425" for ::1 at 2021-12-09 14:30:10 -0800
Started GET "/assets/application.self-f4ae1cd1f09e0270ecebd1b93a060b37c721c9b811dbc5eb5465f82d6e23083e.css?body=1&livereload=1639089010429" for ::1 at 2021-12-09 14:30:10 -0800
Started GET "/assets/application.self-f4ae1cd1f09e0270ecebd1b93a060b37c721c9b811dbc5eb5465f82d6e23083e.css?body=1&livereload=1639089012575" for ::1 at 2021-12-09 14:30:12 -0800
Started GET "/assets/application.self-f4ae1cd1f09e0270ecebd1b93a060b37c721c9b811dbc5eb5465f82d6e23083e.css?body=1&livereload=1639089012580" for ::1 at 2021-12-09 14:30:12 -0800
Started GET "/assets/application.self-f4ae1cd1f09e0270ecebd1b93a060b37c721c9b811dbc5eb5465f82d6e23083e.css?body=1&livereload=1639089024595" for ::1 at 2021-12-09 14:30:24 -0800
Started GET "/assets/application.self-f4ae1cd1f09e0270ecebd1b93a060b37c721c9b811dbc5eb5465f82d6e23083e.css?body=1&livereload=1639089024604" for ::1 at 2021-12-09 14:30:24 -0800
Started GET "/assets/application.self-f4ae1cd1f09e0270ecebd1b93a060b37c721c9b811dbc5eb5465f82d6e23083e.css?body=1&livereload=1639089039737" for ::1 at 2021-12-09 14:30:39 -0800
Started GET "/assets/application.self-f4ae1cd1f09e0270ecebd1b93a060b37c721c9b811dbc5eb5465f82d6e23083e.css?body=1&livereload=1639089039740" for ::1 at 2021-12-09 14:30:39 -0800
Started GET "/assets/application.self-f4ae1cd1f09e0270ecebd1b93a060b37c721c9b811dbc5eb5465f82d6e23083e.css?body=1&livereload=1639089043542" for ::1 at 2021-12-09 14:30:43 -0800
Started GET "/assets/application.self-f4ae1cd1f09e0270ecebd1b93a060b37c721c9b811dbc5eb5465f82d6e23083e.css?body=1&livereload=1639089043544" for ::1 at 2021-12-09 14:30:43 -0800
Started GET "/assets/application.self-f4ae1cd1f09e0270ecebd1b93a060b37c721c9b811dbc5eb5465f82d6e23083e.css?body=1&livereload=1639089126494" for ::1 at 2021-12-09 14:32:06 -0800
Started GET "/assets/application.self-f4ae1cd1f09e0270ecebd1b93a060b37c721c9b811dbc5eb5465f82d6e23083e.css?body=1&livereload=1639089126496" for ::1 at 2021-12-09 14:32:06 -0800
Started GET "/assets/application.self-f4ae1cd1f09e0270ecebd1b93a060b37c721c9b811dbc5eb5465f82d6e23083e.css?body=1&livereload=1639089137028" for ::1 at 2021-12-09 14:32:17 -0800
Started GET "/assets/application.self-f4ae1cd1f09e0270ecebd1b93a060b37c721c9b811dbc5eb5465f82d6e23083e.css?body=1&livereload=1639089137030" for ::1 at 2021-12-09 14:32:17 -0800
Started GET "/assets/application.self-f4ae1cd1f09e0270ecebd1b93a060b37c721c9b811dbc5eb5465f82d6e23083e.css?body=1&livereload=1639089137514" for ::1 at 2021-12-09 14:32:17 -0800
Started GET "/assets/application.self-f4ae1cd1f09e0270ecebd1b93a060b37c721c9b811dbc5eb5465f82d6e23083e.css?body=1&livereload=1639089137519" for ::1 at 2021-12-09 14:32:17 -0800
Started GET "/assets/application.self-f4ae1cd1f09e0270ecebd1b93a060b37c721c9b811dbc5eb5465f82d6e23083e.css?body=1&livereload=1639089140056" for ::1 at 2021-12-09 14:32:20 -0800
Started GET "/assets/application.self-f4ae1cd1f09e0270ecebd1b93a060b37c721c9b811dbc5eb5465f82d6e23083e.css?body=1&livereload=1639089140057" for ::1 at 2021-12-09 14:32:20 -0800
Started GET "/assets/application.self-f4ae1cd1f09e0270ecebd1b93a060b37c721c9b811dbc5eb5465f82d6e23083e.css?body=1&livereload=1639089142148" for ::1 at 2021-12-09 14:32:22 -0800
Started GET "/assets/application.self-f4ae1cd1f09e0270ecebd1b93a060b37c721c9b811dbc5eb5465f82d6e23083e.css?body=1&livereload=1639089142150" for ::1 at 2021-12-09 14:32:22 -0800
Started GET "/assets/application.self-f4ae1cd1f09e0270ecebd1b93a060b37c721c9b811dbc5eb5465f82d6e23083e.css?body=1&livereload=1639089144116" for ::1 at 2021-12-09 14:32:24 -0800
Started GET "/assets/application.self-f4ae1cd1f09e0270ecebd1b93a060b37c721c9b811dbc5eb5465f82d6e23083e.css?body=1&livereload=1639089144118" for ::1 at 2021-12-09 14:32:24 -0800
Started GET "/assets/application.self-f4ae1cd1f09e0270ecebd1b93a060b37c721c9b811dbc5eb5465f82d6e23083e.css?body=1&livereload=1639089151253" for ::1 at 2021-12-09 14:32:31 -0800
Started GET "/assets/application.self-f4ae1cd1f09e0270ecebd1b93a060b37c721c9b811dbc5eb5465f82d6e23083e.css?body=1&livereload=1639089151254" for ::1 at 2021-12-09 14:32:31 -0800
Started GET "/assets/application.self-f4ae1cd1f09e0270ecebd1b93a060b37c721c9b811dbc5eb5465f82d6e23083e.css?body=1&livereload=1639089158506" for ::1 at 2021-12-09 14:32:38 -0800
Started GET "/assets/application.self-f4ae1cd1f09e0270ecebd1b93a060b37c721c9b811dbc5eb5465f82d6e23083e.css?body=1&livereload=1639089158513" for ::1 at 2021-12-09 14:32:38 -0800
Started GET "/assets/application.self-f4ae1cd1f09e0270ecebd1b93a060b37c721c9b811dbc5eb5465f82d6e23083e.css?body=1&livereload=1639089160480" for ::1 at 2021-12-09 14:32:40 -0800
Started GET "/assets/application.self-f4ae1cd1f09e0270ecebd1b93a060b37c721c9b811dbc5eb5465f82d6e23083e.css?body=1&livereload=1639089160481" for ::1 at 2021-12-09 14:32:40 -0800
Started GET "/assets/application.self-f4ae1cd1f09e0270ecebd1b93a060b37c721c9b811dbc5eb5465f82d6e23083e.css?body=1&livereload=1639089177323" for ::1 at 2021-12-09 14:32:57 -0800
Started GET "/assets/application.self-f4ae1cd1f09e0270ecebd1b93a060b37c721c9b811dbc5eb5465f82d6e23083e.css?body=1&livereload=1639089177324" for ::1 at 2021-12-09 14:32:57 -0800
Started GET "/assets/application.self-f4ae1cd1f09e0270ecebd1b93a060b37c721c9b811dbc5eb5465f82d6e23083e.css?body=1&livereload=1639089180475" for ::1 at 2021-12-09 14:33:00 -0800
Started GET "/assets/application.self-f4ae1cd1f09e0270ecebd1b93a060b37c721c9b811dbc5eb5465f82d6e23083e.css?body=1&livereload=1639089180478" for ::1 at 2021-12-09 14:33:00 -0800
Started GET "/assets/application.self-f4ae1cd1f09e0270ecebd1b93a060b37c721c9b811dbc5eb5465f82d6e23083e.css?body=1&livereload=1639089189372" for ::1 at 2021-12-09 14:33:09 -0800
Started GET "/assets/application.self-f4ae1cd1f09e0270ecebd1b93a060b37c721c9b811dbc5eb5465f82d6e23083e.css?body=1&livereload=1639089189374" for ::1 at 2021-12-09 14:33:09 -0800
Started GET "/assets/application.self-f4ae1cd1f09e0270ecebd1b93a060b37c721c9b811dbc5eb5465f82d6e23083e.css?body=1&livereload=1639089192617" for ::1 at 2021-12-09 14:33:12 -0800
Started GET "/assets/application.self-f4ae1cd1f09e0270ecebd1b93a060b37c721c9b811dbc5eb5465f82d6e23083e.css?body=1&livereload=1639089192619" for ::1 at 2021-12-09 14:33:12 -0800
Started GET "/assets/application.self-f4ae1cd1f09e0270ecebd1b93a060b37c721c9b811dbc5eb5465f82d6e23083e.css?body=1&livereload=1639089193984" for ::1 at 2021-12-09 14:33:14 -0800
Started GET "/assets/application.self-f4ae1cd1f09e0270ecebd1b93a060b37c721c9b811dbc5eb5465f82d6e23083e.css?body=1&livereload=1639089193990" for ::1 at 2021-12-09 14:33:14 -0800
Started GET "/assets/application.self-f4ae1cd1f09e0270ecebd1b93a060b37c721c9b811dbc5eb5465f82d6e23083e.css?body=1&livereload=1639089196766" for ::1 at 2021-12-09 14:33:16 -0800
Started GET "/assets/application.self-f4ae1cd1f09e0270ecebd1b93a060b37c721c9b811dbc5eb5465f82d6e23083e.css?body=1&livereload=1639089196770" for ::1 at 2021-12-09 14:33:16 -0800
Started GET "/assets/application.self-f4ae1cd1f09e0270ecebd1b93a060b37c721c9b811dbc5eb5465f82d6e23083e.css?body=1&livereload=1639089206799" for ::1 at 2021-12-09 14:33:26 -0800
Started GET "/assets/application.self-f4ae1cd1f09e0270ecebd1b93a060b37c721c9b811dbc5eb5465f82d6e23083e.css?body=1&livereload=1639089206802" for ::1 at 2021-12-09 14:33:26 -0800
Started GET "/assets/application.self-f4ae1cd1f09e0270ecebd1b93a060b37c721c9b811dbc5eb5465f82d6e23083e.css?body=1&livereload=1639089251847" for ::1 at 2021-12-09 14:34:11 -0800
Started GET "/assets/application.self-f4ae1cd1f09e0270ecebd1b93a060b37c721c9b811dbc5eb5465f82d6e23083e.css?body=1&livereload=1639089251844" for ::1 at 2021-12-09 14:34:11 -0800
Started GET "/assets/application.self-f4ae1cd1f09e0270ecebd1b93a060b37c721c9b811dbc5eb5465f82d6e23083e.css?body=1&livereload=1639089291132" for ::1 at 2021-12-09 14:34:51 -0800
Started GET "/assets/application.self-f4ae1cd1f09e0270ecebd1b93a060b37c721c9b811dbc5eb5465f82d6e23083e.css?body=1&livereload=1639089291133" for ::1 at 2021-12-09 14:34:51 -0800
Started GET "/assets/application.self-f4ae1cd1f09e0270ecebd1b93a060b37c721c9b811dbc5eb5465f82d6e23083e.css?body=1&livereload=1639089294083" for ::1 at 2021-12-09 14:34:54 -0800
Started GET "/assets/application.self-f4ae1cd1f09e0270ecebd1b93a060b37c721c9b811dbc5eb5465f82d6e23083e.css?body=1&livereload=1639089294084" for ::1 at 2021-12-09 14:34:54 -0800
Started GET "/assets/application.self-f4ae1cd1f09e0270ecebd1b93a060b37c721c9b811dbc5eb5465f82d6e23083e.css?body=1&livereload=1639089408263" for ::1 at 2021-12-09 14:36:48 -0800
Started GET "/assets/application.self-f4ae1cd1f09e0270ecebd1b93a060b37c721c9b811dbc5eb5465f82d6e23083e.css?body=1&livereload=1639089408261" for ::1 at 2021-12-09 14:36:48 -0800
Started GET "/assets/application.self-f4ae1cd1f09e0270ecebd1b93a060b37c721c9b811dbc5eb5465f82d6e23083e.css?body=1&livereload=1639089416288" for ::1 at 2021-12-09 14:36:56 -0800
Started GET "/assets/application.self-f4ae1cd1f09e0270ecebd1b93a060b37c721c9b811dbc5eb5465f82d6e23083e.css?body=1&livereload=1639089416290" for ::1 at 2021-12-09 14:36:56 -0800
Started GET "/assets/application.self-f4ae1cd1f09e0270ecebd1b93a060b37c721c9b811dbc5eb5465f82d6e23083e.css?body=1&livereload=1639089417650" for ::1 at 2021-12-09 14:36:57 -0800
Started GET "/assets/application.self-f4ae1cd1f09e0270ecebd1b93a060b37c721c9b811dbc5eb5465f82d6e23083e.css?body=1&livereload=1639089417654" for ::1 at 2021-12-09 14:36:57 -0800
Started GET "/assets/application.self-f4ae1cd1f09e0270ecebd1b93a060b37c721c9b811dbc5eb5465f82d6e23083e.css?body=1&livereload=1639089497275" for ::1 at 2021-12-09 14:38:17 -0800
Started GET "/assets/application.self-f4ae1cd1f09e0270ecebd1b93a060b37c721c9b811dbc5eb5465f82d6e23083e.css?body=1&livereload=1639089497273" for ::1 at 2021-12-09 14:38:17 -0800
Started GET "/assets/application.self-f4ae1cd1f09e0270ecebd1b93a060b37c721c9b811dbc5eb5465f82d6e23083e.css?body=1&livereload=1639089500160" for ::1 at 2021-12-09 14:38:20 -0800
Started GET "/assets/application.self-f4ae1cd1f09e0270ecebd1b93a060b37c721c9b811dbc5eb5465f82d6e23083e.css?body=1&livereload=1639089500162" for ::1 at 2021-12-09 14:38:20 -0800
Started GET "/assets/application.self-f4ae1cd1f09e0270ecebd1b93a060b37c721c9b811dbc5eb5465f82d6e23083e.css?body=1&livereload=1639089503581" for ::1 at 2021-12-09 14:38:23 -0800
Started GET "/assets/application.self-f4ae1cd1f09e0270ecebd1b93a060b37c721c9b811dbc5eb5465f82d6e23083e.css?body=1&livereload=1639089503583" for ::1 at 2021-12-09 14:38:23 -0800
Started GET "/assets/application.self-f4ae1cd1f09e0270ecebd1b93a060b37c721c9b811dbc5eb5465f82d6e23083e.css?body=1&livereload=1639089505273" for ::1 at 2021-12-09 14:38:25 -0800
Started GET "/assets/application.self-f4ae1cd1f09e0270ecebd1b93a060b37c721c9b811dbc5eb5465f82d6e23083e.css?body=1&livereload=1639089505275" for ::1 at 2021-12-09 14:38:25 -0800
Started GET "/assets/application.self-f4ae1cd1f09e0270ecebd1b93a060b37c721c9b811dbc5eb5465f82d6e23083e.css?body=1&livereload=1639089509281" for ::1 at 2021-12-09 14:38:29 -0800
Started GET "/assets/application.self-f4ae1cd1f09e0270ecebd1b93a060b37c721c9b811dbc5eb5465f82d6e23083e.css?body=1&livereload=1639089509283" for ::1 at 2021-12-09 14:38:29 -0800
Started GET "/assets/application.self-f4ae1cd1f09e0270ecebd1b93a060b37c721c9b811dbc5eb5465f82d6e23083e.css?body=1&livereload=1639089577970" for ::1 at 2021-12-09 14:39:38 -0800
Started GET "/assets/application.self-f4ae1cd1f09e0270ecebd1b93a060b37c721c9b811dbc5eb5465f82d6e23083e.css?body=1&livereload=1639089577972" for ::1 at 2021-12-09 14:39:38 -0800
Started GET "/" for ::1 at 2021-12-09 14:39:43 -0800
Processing by StaticPagesController#index as HTML
  Rendering static_pages/index.html.erb within layouts/application
  Rendered shared/_main_nav.html.erb (0.8ms)
  Rendered shared/_masthead.html.erb (1.2ms)
  Rendered shared/_sections_nav.html.erb (0.6ms)
  Rendered shared/_search_modal.html.erb (2.1ms)
  Rendered shared/_main_content.html.erb (0.3ms)
  Rendered static_pages/index.html.erb within layouts/application (80.5ms)
Completed 200 OK in 211ms (Views: 196.2ms | ActiveRecord: 0.0ms)


Started GET "/assets/application.self-cc84567432da4ed5ba4d0a5cf0275c23bd2cffe0c5252cd022d9c436ccd5815c.css?body=1" for ::1 at 2021-12-09 14:39:43 -0800
Started GET "/assets/application.self-cc84567432da4ed5ba4d0a5cf0275c23bd2cffe0c5252cd022d9c436ccd5815c.css?body=1&livereload=1639089602687" for ::1 at 2021-12-09 14:40:02 -0800
Started GET "/assets/application.self-cc84567432da4ed5ba4d0a5cf0275c23bd2cffe0c5252cd022d9c436ccd5815c.css?body=1&livereload=1639089602691" for ::1 at 2021-12-09 14:40:02 -0800
Started GET "/assets/application.self-cc84567432da4ed5ba4d0a5cf0275c23bd2cffe0c5252cd022d9c436ccd5815c.css?body=1&livereload=1639089605722" for ::1 at 2021-12-09 14:40:05 -0800
Started GET "/assets/application.self-cc84567432da4ed5ba4d0a5cf0275c23bd2cffe0c5252cd022d9c436ccd5815c.css?body=1&livereload=1639089605721" for ::1 at 2021-12-09 14:40:05 -0800
Started GET "/assets/application.self-cc84567432da4ed5ba4d0a5cf0275c23bd2cffe0c5252cd022d9c436ccd5815c.css?body=1&livereload=1639089606756" for ::1 at 2021-12-09 14:40:06 -0800
Started GET "/assets/application.self-cc84567432da4ed5ba4d0a5cf0275c23bd2cffe0c5252cd022d9c436ccd5815c.css?body=1&livereload=1639089606758" for ::1 at 2021-12-09 14:40:06 -0800
Started GET "/assets/application.self-cc84567432da4ed5ba4d0a5cf0275c23bd2cffe0c5252cd022d9c436ccd5815c.css?body=1&livereload=1639089609702" for ::1 at 2021-12-09 14:40:09 -0800
Started GET "/assets/application.self-cc84567432da4ed5ba4d0a5cf0275c23bd2cffe0c5252cd022d9c436ccd5815c.css?body=1&livereload=1639089609705" for ::1 at 2021-12-09 14:40:09 -0800
Started GET "/assets/application.self-cc84567432da4ed5ba4d0a5cf0275c23bd2cffe0c5252cd022d9c436ccd5815c.css?body=1&livereload=1639089612750" for ::1 at 2021-12-09 14:40:12 -0800
Started GET "/assets/application.self-cc84567432da4ed5ba4d0a5cf0275c23bd2cffe0c5252cd022d9c436ccd5815c.css?body=1&livereload=1639089612751" for ::1 at 2021-12-09 14:40:12 -0800
Started GET "/assets/application.self-cc84567432da4ed5ba4d0a5cf0275c23bd2cffe0c5252cd022d9c436ccd5815c.css?body=1&livereload=1639089613880" for ::1 at 2021-12-09 14:40:13 -0800
Started GET "/assets/application.self-cc84567432da4ed5ba4d0a5cf0275c23bd2cffe0c5252cd022d9c436ccd5815c.css?body=1&livereload=1639089613882" for ::1 at 2021-12-09 14:40:13 -0800
Started GET "/assets/application.self-cc84567432da4ed5ba4d0a5cf0275c23bd2cffe0c5252cd022d9c436ccd5815c.css?body=1&livereload=1639089616796" for ::1 at 2021-12-09 14:40:16 -0800
Started GET "/assets/application.self-cc84567432da4ed5ba4d0a5cf0275c23bd2cffe0c5252cd022d9c436ccd5815c.css?body=1&livereload=1639089616797" for ::1 at 2021-12-09 14:40:16 -0800
Started GET "/assets/application.self-cc84567432da4ed5ba4d0a5cf0275c23bd2cffe0c5252cd022d9c436ccd5815c.css?body=1&livereload=1639089618816" for ::1 at 2021-12-09 14:40:18 -0800
Started GET "/assets/application.self-cc84567432da4ed5ba4d0a5cf0275c23bd2cffe0c5252cd022d9c436ccd5815c.css?body=1&livereload=1639089618811" for ::1 at 2021-12-09 14:40:18 -0800
Started GET "/assets/application.self-cc84567432da4ed5ba4d0a5cf0275c23bd2cffe0c5252cd022d9c436ccd5815c.css?body=1&livereload=1639089619935" for ::1 at 2021-12-09 14:40:19 -0800
Started GET "/assets/application.self-cc84567432da4ed5ba4d0a5cf0275c23bd2cffe0c5252cd022d9c436ccd5815c.css?body=1&livereload=1639089619936" for ::1 at 2021-12-09 14:40:19 -0800
Started GET "/assets/application.self-cc84567432da4ed5ba4d0a5cf0275c23bd2cffe0c5252cd022d9c436ccd5815c.css?body=1&livereload=1639089630812" for ::1 at 2021-12-09 14:40:30 -0800
Started GET "/assets/application.self-cc84567432da4ed5ba4d0a5cf0275c23bd2cffe0c5252cd022d9c436ccd5815c.css?body=1&livereload=1639089630809" for ::1 at 2021-12-09 14:40:30 -0800
Started GET "/assets/application.self-cc84567432da4ed5ba4d0a5cf0275c23bd2cffe0c5252cd022d9c436ccd5815c.css?body=1&livereload=1639089633795" for ::1 at 2021-12-09 14:40:33 -0800
Started GET "/assets/application.self-cc84567432da4ed5ba4d0a5cf0275c23bd2cffe0c5252cd022d9c436ccd5815c.css?body=1&livereload=1639089633797" for ::1 at 2021-12-09 14:40:33 -0800
Started GET "/assets/application.self-cc84567432da4ed5ba4d0a5cf0275c23bd2cffe0c5252cd022d9c436ccd5815c.css?body=1&livereload=1639089634840" for ::1 at 2021-12-09 14:40:34 -0800
Started GET "/assets/application.self-cc84567432da4ed5ba4d0a5cf0275c23bd2cffe0c5252cd022d9c436ccd5815c.css?body=1&livereload=1639089634843" for ::1 at 2021-12-09 14:40:34 -0800
Started GET "/assets/application.self-cc84567432da4ed5ba4d0a5cf0275c23bd2cffe0c5252cd022d9c436ccd5815c.css?body=1&livereload=1639089646855" for ::1 at 2021-12-09 14:40:46 -0800
Started GET "/assets/application.self-cc84567432da4ed5ba4d0a5cf0275c23bd2cffe0c5252cd022d9c436ccd5815c.css?body=1&livereload=1639089646856" for ::1 at 2021-12-09 14:40:46 -0800
Started GET "/assets/application.self-cc84567432da4ed5ba4d0a5cf0275c23bd2cffe0c5252cd022d9c436ccd5815c.css?body=1&livereload=1639089648226" for ::1 at 2021-12-09 14:40:48 -0800
Started GET "/assets/application.self-cc84567432da4ed5ba4d0a5cf0275c23bd2cffe0c5252cd022d9c436ccd5815c.css?body=1&livereload=1639089648229" for ::1 at 2021-12-09 14:40:48 -0800
Started GET "/assets/application.self-cc84567432da4ed5ba4d0a5cf0275c23bd2cffe0c5252cd022d9c436ccd5815c.css?body=1&livereload=1639089651929" for ::1 at 2021-12-09 14:40:51 -0800
Started GET "/assets/application.self-cc84567432da4ed5ba4d0a5cf0275c23bd2cffe0c5252cd022d9c436ccd5815c.css?body=1&livereload=1639089651931" for ::1 at 2021-12-09 14:40:51 -0800
Started GET "/assets/application.self-cc84567432da4ed5ba4d0a5cf0275c23bd2cffe0c5252cd022d9c436ccd5815c.css?body=1&livereload=1639089658952" for ::1 at 2021-12-09 14:40:58 -0800
Started GET "/assets/application.self-cc84567432da4ed5ba4d0a5cf0275c23bd2cffe0c5252cd022d9c436ccd5815c.css?body=1&livereload=1639089658953" for ::1 at 2021-12-09 14:40:58 -0800
Started GET "/assets/application.self-cc84567432da4ed5ba4d0a5cf0275c23bd2cffe0c5252cd022d9c436ccd5815c.css?body=1&livereload=1639089665012" for ::1 at 2021-12-09 14:41:05 -0800
Started GET "/assets/application.self-cc84567432da4ed5ba4d0a5cf0275c23bd2cffe0c5252cd022d9c436ccd5815c.css?body=1&livereload=1639089665009" for ::1 at 2021-12-09 14:41:05 -0800
Started GET "/assets/application.self-cc84567432da4ed5ba4d0a5cf0275c23bd2cffe0c5252cd022d9c436ccd5815c.css?body=1&livereload=1639089667932" for ::1 at 2021-12-09 14:41:07 -0800
Started GET "/assets/application.self-cc84567432da4ed5ba4d0a5cf0275c23bd2cffe0c5252cd022d9c436ccd5815c.css?body=1&livereload=1639089667933" for ::1 at 2021-12-09 14:41:07 -0800
Started GET "/assets/application.self-cc84567432da4ed5ba4d0a5cf0275c23bd2cffe0c5252cd022d9c436ccd5815c.css?body=1&livereload=1639089674974" for ::1 at 2021-12-09 14:41:15 -0800
Started GET "/assets/application.self-cc84567432da4ed5ba4d0a5cf0275c23bd2cffe0c5252cd022d9c436ccd5815c.css?body=1&livereload=1639089674979" for ::1 at 2021-12-09 14:41:15 -0800
Started GET "/assets/application.self-cc84567432da4ed5ba4d0a5cf0275c23bd2cffe0c5252cd022d9c436ccd5815c.css?body=1&livereload=1639089678015" for ::1 at 2021-12-09 14:41:18 -0800
Started GET "/assets/application.self-cc84567432da4ed5ba4d0a5cf0275c23bd2cffe0c5252cd022d9c436ccd5815c.css?body=1&livereload=1639089678013" for ::1 at 2021-12-09 14:41:18 -0800
Started GET "/assets/application.self-cc84567432da4ed5ba4d0a5cf0275c23bd2cffe0c5252cd022d9c436ccd5815c.css?body=1&livereload=1639089679096" for ::1 at 2021-12-09 14:41:19 -0800
Started GET "/assets/application.self-cc84567432da4ed5ba4d0a5cf0275c23bd2cffe0c5252cd022d9c436ccd5815c.css?body=1&livereload=1639089679099" for ::1 at 2021-12-09 14:41:19 -0800
Started GET "/assets/application.self-cc84567432da4ed5ba4d0a5cf0275c23bd2cffe0c5252cd022d9c436ccd5815c.css?body=1&livereload=1639089713516" for ::1 at 2021-12-09 14:41:53 -0800
Started GET "/assets/application.self-cc84567432da4ed5ba4d0a5cf0275c23bd2cffe0c5252cd022d9c436ccd5815c.css?body=1&livereload=1639089713518" for ::1 at 2021-12-09 14:41:53 -0800
Started GET "/assets/application.self-cc84567432da4ed5ba4d0a5cf0275c23bd2cffe0c5252cd022d9c436ccd5815c.css?body=1&livereload=1639089716569" for ::1 at 2021-12-09 14:41:56 -0800
Started GET "/assets/application.self-cc84567432da4ed5ba4d0a5cf0275c23bd2cffe0c5252cd022d9c436ccd5815c.css?body=1&livereload=1639089716571" for ::1 at 2021-12-09 14:41:56 -0800
Started GET "/assets/application.self-cc84567432da4ed5ba4d0a5cf0275c23bd2cffe0c5252cd022d9c436ccd5815c.css?body=1&livereload=1639089721775" for ::1 at 2021-12-09 14:42:01 -0800
Started GET "/assets/application.self-cc84567432da4ed5ba4d0a5cf0275c23bd2cffe0c5252cd022d9c436ccd5815c.css?body=1&livereload=1639089721777" for ::1 at 2021-12-09 14:42:01 -0800
Started GET "/" for ::1 at 2021-12-09 17:54:02 -0500
DEPRECATION WARNING: ActiveRecord::Base.raise_in_transactional_callbacks= is deprecated, has no effect and will be removed without replacement. (called from block (3 levels) in <class:Railtie> at /Users/justinstith/.rbenv/versions/2.5.1/lib/ruby/gems/2.5.0/gems/activerecord-5.0.7.2/lib/active_record/railtie.rb:113)
Processing by StaticPagesController#index as HTML
  Rendering static_pages/index.html.erb within layouts/application
  Rendered shared/_main_nav.html.erb (0.2ms)
  Rendered shared/_masthead.html.erb (0.3ms)
  Rendered shared/_sections_nav.html.erb (0.2ms)
  Rendered shared/_search_modal.html.erb (0.5ms)
  Rendered shared/_main_content.html.erb (0.3ms)
  Rendered static_pages/index.html.erb within layouts/application (34.7ms)
Completed 200 OK in 604ms (Views: 600.4ms | ActiveRecord: 0.0ms)


Started GET "/assets/components/modal.self-52188644dbb47def5ee35ae02e69eb567ca9b664472357a8a5789dd39032a265.js?body=1" for ::1 at 2021-12-09 17:54:03 -0500
Started GET "/assets/application.self-9f101d0d36d48eb4b83b9d32fd2ea9351d7b8224a42100bc7032019c878907d2.css?body=1" for ::1 at 2021-12-09 17:54:03 -0500
Started GET "/assets/jquery_ujs.self-784a997f6726036b1993eb2217c9cb558e1cbb801c6da88105588c56f13b466a.js?body=1" for ::1 at 2021-12-09 17:54:03 -0500
Started GET "/assets/jquery.self-bd7ddd393353a8d2480a622e80342adf488fb6006d667e8b42e4c0073393abee.js?body=1" for ::1 at 2021-12-09 17:54:03 -0500
Started GET "/assets/components/sidebar.self-2a1277f850a6fa21e1a974ef5152f177ac05516477d5081d593bb137b3d6808b.js?body=1" for ::1 at 2021-12-09 17:54:03 -0500
Started GET "/assets/application.self-f571b9db02bf4ed04c38a6a29072ac382f7d4f47db1fab9817aeadb0d8665235.js?body=1" for ::1 at 2021-12-09 17:54:03 -0500
Started GET "/" for ::1 at 2021-12-09 18:02:16 -0500
Processing by StaticPagesController#index as HTML
  Rendering static_pages/index.html.erb within layouts/application
  Rendered shared/_main_nav.html.erb (2.0ms)
  Rendered shared/_masthead.html.erb (0.3ms)
  Rendered shared/_sections_nav.html.erb (0.6ms)
  Rendered shared/_search_modal.html.erb (0.5ms)
  Rendered shared/_main_content.html.erb (0.3ms)
  Rendered static_pages/index.html.erb within layouts/application (59.1ms)
Completed 500 Internal Server Error in 197ms (ActiveRecord: 0.0ms)



Sass::SyntaxError - Invalid CSS after "* Clearfix */": expected identifier, was ".group:after":
  app/views/layouts/application.html.erb:7:in `_app_views_layouts_application_html_erb__3844310180572333414_70282853009960'

Started POST "/__better_errors/5f63d96f929d5aa9/variables" for ::1 at 2021-12-09 18:02:16 -0500
Started GET "/" for ::1 at 2021-12-09 18:02:24 -0500
Processing by StaticPagesController#index as HTML
  Rendering static_pages/index.html.erb within layouts/application
  Rendered shared/_main_nav.html.erb (0.3ms)
  Rendered shared/_masthead.html.erb (0.3ms)
  Rendered shared/_sections_nav.html.erb (1.1ms)
  Rendered shared/_search_modal.html.erb (29.1ms)
  Rendered shared/_main_content.html.erb (0.3ms)
  Rendered static_pages/index.html.erb within layouts/application (163.6ms)
Completed 500 Internal Server Error in 291ms (ActiveRecord: 0.0ms)



Sass::SyntaxError - Invalid CSS after "* Clearfix */": expected identifier, was ".group:after":
  app/views/layouts/application.html.erb:7:in `_app_views_layouts_application_html_erb__3844310180572333414_70282856127520'

Started POST "/__better_errors/a7f3213257957b6b/variables" for ::1 at 2021-12-09 18:02:25 -0500
Started GET "/" for ::1 at 2021-12-09 18:03:22 -0500
Processing by StaticPagesController#index as HTML
  Rendering static_pages/index.html.erb within layouts/application
  Rendered shared/_main_nav.html.erb (0.4ms)
  Rendered shared/_masthead.html.erb (0.3ms)
  Rendered shared/_sections_nav.html.erb (0.3ms)
  Rendered shared/_search_modal.html.erb (0.4ms)
  Rendered shared/_main_content.html.erb (0.3ms)
  Rendered static_pages/index.html.erb within layouts/application (24.4ms)
Completed 500 Internal Server Error in 80ms (ActiveRecord: 0.0ms)



Sass::SyntaxError - Invalid CSS after "* Clearfix */": expected identifier, was ".group:after":
  app/views/layouts/application.html.erb:7:in `_app_views_layouts_application_html_erb__3844310180572333414_70282840336740'

Started POST "/__better_errors/c266addb001255b9/variables" for ::1 at 2021-12-09 18:03:22 -0500
Started GET "/" for ::1 at 2021-12-09 18:04:22 -0500
Processing by StaticPagesController#index as HTML
  Rendering static_pages/index.html.erb within layouts/application
  Rendered shared/_main_nav.html.erb (0.3ms)
  Rendered shared/_masthead.html.erb (0.2ms)
  Rendered shared/_sections_nav.html.erb (0.2ms)
  Rendered shared/_search_modal.html.erb (0.3ms)
  Rendered shared/_main_content.html.erb (1.0ms)
  Rendered static_pages/index.html.erb within layouts/application (26.0ms)
Completed 500 Internal Server Error in 62ms (ActiveRecord: 0.0ms)



Sass::SyntaxError - Invalid CSS after "* Clearfix */": expected identifier, was ".group:after":
  app/views/layouts/application.html.erb:7:in `_app_views_layouts_application_html_erb__3844310180572333414_70282855372620'

Started POST "/__better_errors/52bb07099b8d591c/variables" for ::1 at 2021-12-09 18:04:23 -0500
Started GET "/" for ::1 at 2021-12-09 18:06:31 -0500
Processing by StaticPagesController#index as HTML
  Rendering static_pages/index.html.erb within layouts/application
  Rendered shared/_main_nav.html.erb (0.4ms)
  Rendered shared/_masthead.html.erb (0.2ms)
  Rendered shared/_sections_nav.html.erb (0.5ms)
  Rendered shared/_search_modal.html.erb (0.2ms)
  Rendered shared/_main_content.html.erb (0.9ms)
  Rendered static_pages/index.html.erb within layouts/application (43.9ms)
Completed 500 Internal Server Error in 79ms (ActiveRecord: 0.0ms)



Sass::SyntaxError - Invalid CSS after "* Clearfix */": expected identifier, was ".group:after":
  app/views/layouts/application.html.erb:7:in `_app_views_layouts_application_html_erb__3844310180572333414_70282840237720'

Started POST "/__better_errors/f5c4169145f0f31e/variables" for ::1 at 2021-12-09 18:06:31 -0500
Started GET "/" for ::1 at 2021-12-09 18:07:26 -0500
Processing by StaticPagesController#index as HTML
  Rendering static_pages/index.html.erb within layouts/application
  Rendered shared/_main_nav.html.erb (0.3ms)
  Rendered shared/_masthead.html.erb (0.3ms)
  Rendered shared/_sections_nav.html.erb (0.2ms)
  Rendered shared/_search_modal.html.erb (0.3ms)
  Rendered shared/_main_content.html.erb (0.3ms)
  Rendered static_pages/index.html.erb within layouts/application (20.5ms)
Completed 500 Internal Server Error in 65ms (ActiveRecord: 0.0ms)



Sass::SyntaxError - Invalid CSS after "* Clearfix */": expected identifier, was ".group:after":
  app/views/layouts/application.html.erb:7:in `_app_views_layouts_application_html_erb__3844310180572333414_70282854744720'

Started POST "/__better_errors/7e1fba921619a13a/variables" for ::1 at 2021-12-09 18:07:26 -0500
